<?xml version="1.0" encoding="UTF-8"?>
<beans xmlns="http://www.springframework.org/schema/beans"
       xmlns:xsi="http://www.w3.org/2001/XMLSchema-instance"
       xmlns:context="http://www.springframework.org/schema/context"
       xsi:schemaLocation="http://www.springframework.org/schema/beans http://www.springframework.org/schema/beans/spring-beans.xsd http://www.springframework.org/schema/context http://www.springframework.org/schema/context/spring-context.xsd">

    <bean class="org.springframework.beans.factory.config.PropertyPlaceholderConfigurer">
        <property name="locations">
            <list>
                <value>environments/${env}.properties</value>
            </list>
        </property>
        <property name="ignoreUnresolvablePlaceholders" value="true"/>
    </bean>

    <bean id="environment" class="eu.accesa.tau.port.polls_app.configuration.Environment">
        <property name="apiBaseUrl" value="${API_BASE_URL}"/>
        <property name="dbBaseUrl" value="${DB_BASE_URL}"/>
        <property name="dbUser" value="${DB_USER}"/>
        <property name="dbPassword" value="${DB_PASSWORD}"/>
        <property name="cleanData" value="${CLEAN_DATA}"/>
    </bean>

    <context:annotation-config/>
    <context:component-scan base-package="eu.accesa.tau.port.polls_app"/>
</beans>